proguard/seeds.txt
com.appnolimits.pigeonwatch.BenvenutoActivity
com.appnolimits.pigeonwatch.BenvenutoActivity: BenvenutoActivity()
com.appnolimits.pigeonwatch.MailCreatorActivity
com.appnolimits.pigeonwatch.MailCreatorActivity: MailCreatorActivity()
com.appnolimits.pigeonwatch.MainActivity
com.appnolimits.pigeonwatch.MainActivity: MainActivity()
com.appnolimits.pigeonwatch.MainActivity: void onClick(android.view.View)
com.appnolimits.pigeonwatch.R$attr: int cameraBearing
com.appnolimits.pigeonwatch.R$attr: int cameraTargetLat
com.appnolimits.pigeonwatch.R$attr: int cameraTargetLng
com.appnolimits.pigeonwatch.R$attr: int cameraTilt
com.appnolimits.pigeonwatch.R$attr: int cameraZoom
com.appnolimits.pigeonwatch.R$attr: int mapType
com.appnolimits.pigeonwatch.R$attr: int uiCompass
com.appnolimits.pigeonwatch.R$attr: int uiRotateGestures
com.appnolimits.pigeonwatch.R$attr: int uiScrollGestures
com.appnolimits.pigeonwatch.R$attr: int uiTiltGestures
com.appnolimits.pigeonwatch.R$attr: int uiZoomControls
com.appnolimits.pigeonwatch.R$attr: int uiZoomGestures
com.appnolimits.pigeonwatch.R$attr: int useViewLifecycle
com.appnolimits.pigeonwatch.R$attr: int zOrderOnTop
com.appnolimits.pigeonwatch.R$dimen: int activity_horizontal_margin
com.appnolimits.pigeonwatch.R$dimen: int activity_vertical_margin
com.appnolimits.pigeonwatch.R$drawable: int background1
com.appnolimits.pigeonwatch.R$drawable: int buca
com.appnolimits.pigeonwatch.R$drawable: int decoropubbl
com.appnolimits.pigeonwatch.R$drawable: int divieto
com.appnolimits.pigeonwatch.R$drawable: int ic_launcher
com.appnolimits.pigeonwatch.R$drawable: int illuminazione
com.appnolimits.pigeonwatch.R$drawable: int mancafoto
com.appnolimits.pigeonwatch.R$drawable: int simpleback
com.appnolimits.pigeonwatch.R$drawable: int simpleback2
com.appnolimits.pigeonwatch.R$drawable: int simpleback3
com.appnolimits.pigeonwatch.R$id: int Destintxt
com.appnolimits.pigeonwatch.R$id: int Oggettoedit
com.appnolimits.pigeonwatch.R$id: int Oggettotxt
com.appnolimits.pigeonwatch.R$id: int TestoMessaggio
com.appnolimits.pigeonwatch.R$id: int action_settings
com.appnolimits.pigeonwatch.R$id: int bigpulsant
com.appnolimits.pigeonwatch.R$id: int btnbuca
com.appnolimits.pigeonwatch.R$id: int btndecoro
com.appnolimits.pigeonwatch.R$id: int btnluce
com.appnolimits.pigeonwatch.R$id: int confermaMail
com.appnolimits.pigeonwatch.R$id: int conferma_benevenuto
com.appnolimits.pigeonwatch.R$id: int destinAutotxt
com.appnolimits.pigeonwatch.R$id: int fotoSegn
com.appnolimits.pigeonwatch.R$id: int hybrid
com.appnolimits.pigeonwatch.R$id: int immsegnalaz
com.appnolimits.pigeonwatch.R$id: int linearmain
com.appnolimits.pigeonwatch.R$id: int map
com.appnolimits.pigeonwatch.R$id: int none
com.appnolimits.pigeonwatch.R$id: int normal
com.appnolimits.pigeonwatch.R$id: int pulsantiera
com.appnolimits.pigeonwatch.R$id: int satellite
com.appnolimits.pigeonwatch.R$id: int scrollViewSegn
com.appnolimits.pigeonwatch.R$id: int terrain
com.appnolimits.pigeonwatch.R$id: int testobenvenuto
com.appnolimits.pigeonwatch.R$id: int testotxt
com.appnolimits.pigeonwatch.R$id: int textView2
com.appnolimits.pigeonwatch.R$id: int textView3
com.appnolimits.pigeonwatch.R$id: int tv_descrizbtn
com.appnolimits.pigeonwatch.R$id: int tv_location
com.appnolimits.pigeonwatch.R$layout: int activity_main
com.appnolimits.pigeonwatch.R$layout: int benvenuto
com.appnolimits.pigeonwatch.R$layout: int mail
com.appnolimits.pigeonwatch.R$layout: int segnalatiny
com.appnolimits.pigeonwatch.R$menu: int main
...
android.support.v4.app.BackStackState
android.support.v4.app.BackStackState: android.os.Parcelable$Creator CREATOR
android.support.v4.app.Fragment: Fragment()
android.support.v4.app.Fragment$SavedState
android.support.v4.app.Fragment$SavedState: android.os.Parcelable$Creator CREATOR
android.support.v4.app.FragmentActivity: FragmentActivity()
android.support.v4.app.FragmentManagerState
android.support.v4.app.FragmentManagerState: android.os.Parcelable$Creator CREATOR
android.support.v4.app.FragmentState
android.support.v4.app.FragmentState: android.os.Parcelable$Creator CREATOR
android.support.v4.app.FragmentTabHost: void setOnTabChangedListener(android.widget.TabHost$OnTabChangeListener)
android.support.v4.app.FragmentTabHost$SavedState
android.support.v4.app.FragmentTabHost$SavedState: android.os.Parcelable$Creator CREATOR
android.support.v4.content.ModernAsyncTask$Status: android.support.v4.content.ModernAsyncTask$Status[] values()
android.support.v4.content.ModernAsyncTask$Status: android.support.v4.content.ModernAsyncTask$Status valueOf(java.lang.String)
android.support.v4.view.PagerTabStrip: void setTabIndicatorColor(int)
android.support.v4.view.PagerTabStrip: void setTabIndicatorColorResource(int)
android.support.v4.view.PagerTabStrip: int getTabIndicatorColor()
android.support.v4.view.PagerTabStrip: void setTextSpacing(int)
android.support.v4.view.PagerTabStrip: void setBackgroundDrawable(android.graphics.drawable.Drawable)
android.support.v4.view.PagerTabStrip: void setBackgroundColor(int)
android.support.v4.view.PagerTabStrip: void setBackgroundResource(int)
android.support.v4.view.PagerTabStrip: void setDrawFullUnderline(boolean)
android.support.v4.view.PagerTabStrip: boolean getDrawFullUnderline()
android.support.v4.view.PagerTabStrip: int getMinHeight()
android.support.v4.view.PagerTitleStrip: void setSingleLineAllCaps(android.widget.TextView)
android.support.v4.view.PagerTitleStrip: void setTextSpacing(int)
android.support.v4.view.PagerTitleStrip: int getTextSpacing()
android.support.v4.view.PagerTitleStrip: void setNonPrimaryAlpha(float)
android.support.v4.view.PagerTitleStrip: void setTextColor(int)
android.support.v4.view.PagerTitleStrip: void setGravity(int)
android.support.v4.view.PagerTitleStrip: int getMinHeight()
android.support.v4.view.ViewPager: void setScrollState(int)
android.support.v4.view.ViewPager: void setAdapter(android.support.v4.view.PagerAdapter)
android.support.v4.view.ViewPager: android.support.v4.view.PagerAdapter getAdapter()
android.support.v4.view.ViewPager: void setOnAdapterChangeListener(android.support.v4.view.ViewPager$OnAdapterChangeListener)
android.support.v4.view.ViewPager: int getClientWidth()
android.support.v4.view.ViewPager: void setCurrentItem(int)
android.support.v4.view.ViewPager: int getCurrentItem()
android.support.v4.view.ViewPager: void setOnPageChangeListener(android.support.v4.view.ViewPager$OnPageChangeListener)
android.support.v4.view.ViewPager: void setChildrenDrawingOrderEnabledCompat(boolean)
android.support.v4.view.ViewPager: int getOffscreenPageLimit()
android.support.v4.view.ViewPager: void setOffscreenPageLimit(int)
android.support.v4.view.ViewPager: void setPageMargin(int)
android.support.v4.view.ViewPager: int getPageMargin()
android.support.v4.view.ViewPager: void setPageMarginDrawable(android.graphics.drawable.Drawable)
android.support.v4.view.ViewPager: void setPageMarginDrawable(int)
android.support.v4.view.ViewPager: void setScrollingCacheEnabled(boolean)
android.support.v4.view.ViewPager$SavedState
android.support.v4.view.ViewPager$SavedState: android.os.Parcelable$Creator CREATOR
android.support.v4.widget.DrawerLayout: void setScrimColor(int)
android.support.v4.widget.DrawerLayout: void setDrawerListener(android.support.v4.widget.DrawerLayout$DrawerListener)
android.support.v4.widget.DrawerLayout: void setDrawerLockMode(int)