proguard/mapping.txt
com.appnolimits.pigeonwatch.BenvenutoActivity -> com.appnolimits.pigeonwatch.BenvenutoActivity:
    android.widget.TextView benvenuto -> n
    android.widget.Button btninizia -> o
    void onCreate(android.os.Bundle) -> onCreate
    void onBackPressed() -> onBackPressed
com.appnolimits.pigeonwatch.BenvenutoActivity$1 -> com.appnolimits.pigeonwatch.a:
    com.appnolimits.pigeonwatch.BenvenutoActivity this$0 -> a
    void onClick(android.view.View) -> onClick
com.appnolimits.pigeonwatch.Coordinatami -> com.appnolimits.pigeonwatch.b:
    java.util.ArrayList tutteCoord -> a
    com.appnolimits.pigeonwatch.Coordinatami$CoordProvincia dammiProvincia(com.google.android.gms.maps.model.LatLng) -> a
com.appnolimits.pigeonwatch.Coordinatami$CoordProvincia -> com.appnolimits.pigeonwatch.c:
    java.lang.String nomeCitta -> a
    java.lang.String email -> b
    com.google.android.gms.maps.model.LatLng coordinate -> c
    com.appnolimits.pigeonwatch.Coordinatami this$0 -> d
    java.lang.String getNomeCitta() -> a
    java.lang.String getEmail() -> b
    com.google.android.gms.maps.model.LatLng getCoordinate() -> c
com.appnolimits.pigeonwatch.DatabaseHandler -> com.appnolimits.pigeonwatch.d:
    void onCreate(android.database.sqlite.SQLiteDatabase) -> onCreate
    void onUpgrade(android.database.sqlite.SQLiteDatabase,int,int) -> onUpgrade
    void addSegnalazione(com.appnolimits.pigeonwatch.Segnalatore) -> a
    java.util.ArrayList getAllContacts() -> a
com.appnolimits.pigeonwatch.ImageHelper -> com.appnolimits.pigeonwatch.e:
    java.lang.String getTempDirectoryPath(android.content.Context) -> b
    android.net.Uri getOutputImageFileUri(android.content.Context) -> a
    byte[] getByteArray(android.graphics.Bitmap) -> a
    android.graphics.Bitmap getBitmap(byte[]) -> a
com.appnolimits.pigeonwatch.MailCreatorActivity -> com.appnolimits.pigeonwatch.MailCreatorActivity:
    android.widget.ScrollView scrollView -> n
    java.lang.String tipoSegnalazione -> o
    android.net.Uri immagineUri -> p
    boolean immagineinserita -> q
    android.widget.ImageView immagine -> r
    android.widget.EditText dest -> s
    android.widget.EditText oggetto -> t
    android.widget.EditText testo -> u
    android.widget.Button conferma -> v
    android.graphics.Bitmap datiFoto -> w
    java.util.ArrayList datimail -> x
    android.content.Intent intento -> y
    com.appnolimits.pigeonwatch.Segnalatore segnalatore -> z
    void onCreate(android.os.Bundle) -> onCreate
    void mettiSfondo(java.lang.String) -> c
    boolean completa() -> f
    void launchCamera() -> g
    void onActivityResult(int,int,android.content.Intent) -> onActivityResult
    android.graphics.Bitmap resizeBitmap(android.graphics.Bitmap,int,int) -> a
    void setTipoSegnalazione(java.lang.String) -> b
    void access$0(com.appnolimits.pigeonwatch.MailCreatorActivity) -> a
    boolean access$1(com.appnolimits.pigeonwatch.MailCreatorActivity) -> b
    com.appnolimits.pigeonwatch.Segnalatore access$2(com.appnolimits.pigeonwatch.MailCreatorActivity) -> c
    android.graphics.Bitmap access$3(com.appnolimits.pigeonwatch.MailCreatorActivity) -> d
    android.widget.EditText access$4(com.appnolimits.pigeonwatch.MailCreatorActivity) -> e
com.appnolimits.pigeonwatch.MailCreatorActivity$1 -> com.appnolimits.pigeonwatch.f:
    com.appnolimits.pigeonwatch.MailCreatorActivity this$0 -> a
    void onClick(android.view.View) -> onClick
com.appnolimits.pigeonwatch.MailCreatorActivity$2 -> com.appnolimits.pigeonwatch.g:
    com.appnolimits.pigeonwatch.MailCreatorActivity this$0 -> a
    void onClick(android.view.View) -> onClick
...
android.support.v4.app.FragmentActivity$1 -> android.support.v4.app.i:
    android.support.v4.app.FragmentActivity this$0 -> a
    void handleMessage(android.os.Message) -> handleMessage
android.support.v4.app.FragmentActivity$2 -> android.support.v4.app.j:
    android.support.v4.app.FragmentActivity this$0 -> a
    android.view.View findViewById(int) -> a
android.support.v4.app.FragmentActivity$FragmentTag -> android.support.v4.app.k:
    int[] Fragment -> a
android.support.v4.app.FragmentActivity$NonConfigurationInstances -> android.support.v4.app.l:
    java.lang.Object activity -> a
    java.lang.Object custom -> b
    java.util.HashMap children -> c
    java.util.ArrayList fragments -> d
    java.util.HashMap loaders -> e
android.support.v4.app.FragmentContainer -> android.support.v4.app.m:
    android.view.View findViewById(int) -> a
android.support.v4.app.FragmentManager -> android.support.v4.app.n:
    android.support.v4.app.FragmentTransaction beginTransaction() -> a
    boolean executePendingTransactions() -> b
    android.support.v4.app.Fragment findFragmentById(int) -> a
    android.support.v4.app.Fragment findFragmentByTag(java.lang.String) -> a
android.support.v4.app.FragmentManager$OnBackStackChangedListener -> android.support.v4.app.o:
    void onBackStackChanged() -> a
android.support.v4.app.FragmentManagerImpl -> android.support.v4.app.p:
    boolean DEBUG -> a
    boolean HONEYCOMB -> b
    java.util.ArrayList mPendingActions -> c
    java.lang.Runnable[] mTmpActions -> d
    boolean mExecutingActions -> e
    java.util.ArrayList mActive -> f
    java.util.ArrayList mAdded -> g
    java.util.ArrayList mAvailIndices -> h
    java.util.ArrayList mBackStack -> i
    java.util.ArrayList mCreatedMenus -> j
    java.util.ArrayList mBackStackIndices -> k
    java.util.ArrayList mAvailBackStackIndices -> l
    java.util.ArrayList mBackStackChangeListeners -> m
    int mCurState -> n
    android.support.v4.app.FragmentActivity mActivity -> o
    android.support.v4.app.FragmentContainer mContainer -> p
    android.support.v4.app.Fragment mParent -> q
    boolean mNeedMenuInvalidate -> r
    boolean mStateSaved -> s
    boolean mDestroyed -> t
    java.lang.String mNoTransactionsBecause -> u
    boolean mHavePendingDeferredStart -> v
    android.os.Bundle mStateBundle -> w
    android.util.SparseArray mStateArray -> x
    java.lang.Runnable mExecCommit -> y
    android.view.animation.Interpolator DECELERATE_QUINT -> z
    android.view.animation.Interpolator DECELERATE_CUBIC -> A
    android.view.animation.Interpolator ACCELERATE_QUINT -> B
    android.view.animation.Interpolator ACCELERATE_CUBIC -> C
    void throwException(java.lang.RuntimeException) -> a
    android.support.v4.app.FragmentTransaction beginTransaction() -> a
android.support.v4.app.FragmentManagerImpl$1 -> android.support.v4.app.q:
    android.support.v4.app.FragmentManagerImpl this$0 -> a
    void run() -> run
android.support.v4.app.FragmentManagerImpl$5 -> android.support.v4.app.r:
    android.support.v4.app.Fragment val$fragment -> a
    android.support.v4.app.FragmentManagerImpl this$0 -> b
    void onAnimationEnd(android.view.animation.Animation) -> onAnimationEnd
    void onAnimationRepeat(android.view.animation.Animation) -> onAnimationRepeat
    void onAnimationStart(android.view.animation.Animation) -> onAnimationStart
android.support.v4.app.FragmentManagerState -> android.support.v4.app.FragmentManagerState:
    android.support.v4.app.FragmentState[] mActive -> a
    int[] mAdded -> b
    android.support.v4.app.BackStackState[] mBackStack -> c
    android.os.Parcelable$Creator CREATOR -> CREATOR
    int describeContents() -> describeContents
    void writeToParcel(android.os.Parcel,int) -> writeToParcel