proguard/usage.txt
com.appnolimits.pigeonwatch.BuildConfig
com.appnolimits.pigeonwatch.Coordinatami:
    260:264:public java.util.ArrayList tuttinomi()
com.appnolimits.pigeonwatch.Coordinatami$CoordProvincia:
    24:25:public void setNomeCitta(java.lang.String)
    32:33:public void setTarga(java.lang.String)
    40:41:public void setCoordinate(com.google.android.gms.maps.model.LatLng)
com.appnolimits.pigeonwatch.DatabaseHandler:
    private static final int DATABASE_VERSION
    private static final java.lang.String DATABASE_NAME
    private static final java.lang.String TABLE_SIGNS
    private static final java.lang.String KEY_ID
    private static final java.lang.String KEY_TYPE
    private static final java.lang.String KEY_LATITUDE
    private static final java.lang.String KEY_LONGITUDE
    private static final java.lang.String KEY_IMAGE
    73:87:public com.appnolimits.pigeonwatch.Segnalatore getSegnalazione(int)
    120:131:public int updateContact(com.appnolimits.pigeonwatch.Segnalatore)
    136:140:public void deleteContact(com.appnolimits.pigeonwatch.Segnalatore)
    144:151:public int getSegnalazioniCount()
com.appnolimits.pigeonwatch.ImageHelper:
    14:14:public ImageHelper()
com.appnolimits.pigeonwatch.MailCreatorActivity:
    private static final int CAMERA_REQUEST
    private com.appnolimits.pigeonwatch.Segnalazione segnalazione
    171:171:public java.util.ArrayList getDatimail()
    175:176:public void setDatimail(java.util.ArrayList)
    179:179:public android.net.Uri getImmagineUri()
    183:184:public void setImmagineUri(android.net.Uri)
    187:187:public com.appnolimits.pigeonwatch.Segnalazione getSegnalazione()
    191:192:public void setSegnalazione(com.appnolimits.pigeonwatch.Segnalazione)
    195:195:public java.lang.String getTipoSegnalazione()
com.appnolimits.pigeonwatch.MainActivity:
    public static final java.lang.String PIGEONWATCH
    315:315:public static java.util.ArrayList getSegnalazioni()
    319:320:public static void setSegnalazioni(java.util.ArrayList)
com.appnolimits.pigeonwatch.Manifest
com.appnolimits.pigeonwatch.Manifest$permission
com.appnolimits.pigeonwatch.R
com.appnolimits.pigeonwatch.R$attr
com.appnolimits.pigeonwatch.R$dimen
com.appnolimits.pigeonwatch.R$drawable
com.appnolimits.pigeonwatch.R$id
com.appnolimits.pigeonwatch.R$layout
com.appnolimits.pigeonwatch.R$menu
com.appnolimits.pigeonwatch.R$string
com.appnolimits.pigeonwatch.R$style
com.appnolimits.pigeonwatch.R$styleable
com.appnolimits.pigeonwatch.Segnalatore:
    13:19:public Segnalatore(java.lang.String,java.lang.String,java.lang.String,byte[])
    21:27:public Segnalatore(int,java.lang.String,java.lang.String,java.lang.String,byte[])
    38:38:public int get_id()
com.appnolimits.pigeonwatch.Segnalazione
...
android.UnusedStub
android.annotation.SuppressLint
android.annotation.TargetApi
android.support.v4.accessibilityservice.AccessibilityServiceInfoCompat
android.support.v4.accessibilityservice.AccessibilityServiceInfoCompat$AccessibilityServiceInfoIcsImpl
android.support.v4.accessibilityservice.AccessibilityServiceInfoCompat$AccessibilityServiceInfoStubImpl
android.support.v4.accessibilityservice.AccessibilityServiceInfoCompat$AccessibilityServiceInfoVersionImpl
android.support.v4.accessibilityservice.AccessibilityServiceInfoCompatIcs
android.support.v4.app.ActionBarDrawerToggle
android.support.v4.app.ActionBarDrawerToggle$1
android.support.v4.app.ActionBarDrawerToggle$ActionBarDrawerToggleImpl
android.support.v4.app.ActionBarDrawerToggle$ActionBarDrawerToggleImplBase
android.support.v4.app.ActionBarDrawerToggle$ActionBarDrawerToggleImplHC
android.support.v4.app.ActionBarDrawerToggle$SlideDrawable
android.support.v4.app.ActionBarDrawerToggleHoneycomb
android.support.v4.app.ActionBarDrawerToggleHoneycomb$SetIndicatorInfo
android.support.v4.app.ActivityCompat
android.support.v4.app.ActivityCompatHoneycomb:
    27:27:ActivityCompatHoneycomb()
    34:35:static void dump(android.app.Activity,java.lang.String,java.io.FileDescriptor,java.io.PrintWriter,java.lang.String[])
android.support.v4.app.ActivityCompatJB
android.support.v4.app.ActivityOptionsCompat
android.support.v4.app.ActivityOptionsCompat$ActivityOptionsImplJB
android.support.v4.app.ActivityOptionsCompatJB
android.support.v4.app.BackStackRecord:
    static final java.lang.String TAG
    static final int OP_NULL
    static final int OP_ADD
    static final int OP_REPLACE
    static final int OP_REMOVE
    static final int OP_HIDE
    static final int OP_SHOW
    static final int OP_DETACH
    static final int OP_ATTACH
    338:338:public int getId()
    342:342:public int getBreadCrumbTitleRes()
    346:346:public int getBreadCrumbShortTitleRes()
    350:353:public java.lang.CharSequence getBreadCrumbTitle()
    357:360:public java.lang.CharSequence getBreadCrumbShortTitle()
    379:380:public android.support.v4.app.FragmentTransaction add(android.support.v4.app.Fragment,java.lang.String)
    384:385:public android.support.v4.app.FragmentTransaction add(int,android.support.v4.app.Fragment)
    421:421:public android.support.v4.app.FragmentTransaction replace(int,android.support.v4.app.Fragment)
    425:430:public android.support.v4.app.FragmentTransaction replace(int,android.support.v4.app.Fragment,java.lang.String)
    434:439:public android.support.v4.app.FragmentTransaction remove(android.support.v4.app.Fragment)
    443:448:public android.support.v4.app.FragmentTransaction hide(android.support.v4.app.Fragment)
    452:457:public android.support.v4.app.FragmentTransaction show(android.support.v4.app.Fragment)
    479:479:public android.support.v4.app.FragmentTransaction setCustomAnimations(int,int)
android.support.v4.app.DialogFragment